<?xml version="1.0" encoding="UTF-8"?>
<!-- Generated by org.testng.reporters.JUnitReportReporter -->
<testsuite hostname="HEAD-OUIA6" failures="0" tests="3" name="com.testpocmaven.TestConcatenateValues" time="0.005" errors="0" timestamp="2025-10-28T14:05:47 ALMT" skipped="0">
  <testcase classname="com.testpocmaven.TestConcatenateValues" name="testConcatenateValue" time="0.004"/>
  <system-out/>
  <testcase classname="com.testpocmaven.TestConcatenateValues" name="testNovalues" time="0.000"/>
  <system-out/>
  <testcase classname="com.testpocmaven.TestConcatenateValues" name="testFnameOnly" time="0.001"/>
  <system-out/>
</testsuite> <!-- com.testpocmaven.TestConcatenateValues -->
