<?xml version="1.0" encoding="UTF-8"?>
<testsuite xmlns:xsi="http://www.w3.org/2001/XMLSchema-instance" xsi:noNamespaceSchemaLocation="https://maven.apache.org/surefire/maven-surefire-plugin/xsd/surefire-test-report-3.0.xsd" version="3.0" name="com.testpocmaven.TestConcatenateValues" time="0.362" tests="3" errors="0" skipped="0" failures="0">
  <properties>
    <property name="java.specification.version" value="17"/>
    <property name="sun.cpu.isalist" value="amd64"/>
    <property name="sun.jnu.encoding" value="Cp1251"/>
    <property name="java.class.path" value="E:\workspace-spring-tools-for-eclipse-4.30.0.RELEASE\poconmaven\target\test-classes;E:\workspace-spring-tools-for-eclipse-4.30.0.RELEASE\poconmaven\target\classes;E:\maven\repository\org\testng\testng\7.6.1\testng-7.6.1.jar;E:\maven\repository\com\google\code\findbugs\jsr305\3.0.2\jsr305-3.0.2.jar;E:\maven\repository\org\slf4j\slf4j-api\1.7.36\slf4j-api-1.7.36.jar;E:\maven\repository\com\beust\jcommander\1.82\jcommander-1.82.jar;E:\maven\repository\org\webjars\jquery\3.6.0\jquery-3.6.0.jar;"/>
    <property name="java.vm.vendor" value="Oracle Corporation"/>
    <property name="sun.arch.data.model" value="64"/>
    <property name="user.variant" value=""/>
    <property name="java.vendor.url" value="https://java.oracle.com/"/>
    <property name="user.timezone" value="Asia/Almaty"/>
    <property name="os.name" value="Windows 10"/>
    <property name="java.vm.specification.version" value="17"/>
    <property name="sun.java.launcher" value="SUN_STANDARD"/>
    <property name="user.country" value="RU"/>
    <property name="sun.boot.library.path" value="E:\jdk-17.0.13\bin"/>
    <property name="sun.java.command" value="C:\Users\n.ashimov\AppData\Local\Temp\surefire3208093736066355928\surefirebooter-20251028144222746_3.jar C:\Users\n.ashimov\AppData\Local\Temp\surefire3208093736066355928 2025-10-28T14-42-22_626-jvmRun1 surefire-20251028144222746_1tmp surefire_0-20251028144222746_2tmp"/>
    <property name="jdk.debug" value="release"/>
    <property name="surefire.test.class.path" value="E:\workspace-spring-tools-for-eclipse-4.30.0.RELEASE\poconmaven\target\test-classes;E:\workspace-spring-tools-for-eclipse-4.30.0.RELEASE\poconmaven\target\classes;E:\maven\repository\org\testng\testng\7.6.1\testng-7.6.1.jar;E:\maven\repository\com\google\code\findbugs\jsr305\3.0.2\jsr305-3.0.2.jar;E:\maven\repository\org\slf4j\slf4j-api\1.7.36\slf4j-api-1.7.36.jar;E:\maven\repository\com\beust\jcommander\1.82\jcommander-1.82.jar;E:\maven\repository\org\webjars\jquery\3.6.0\jquery-3.6.0.jar;"/>
    <property name="sun.cpu.endian" value="little"/>
    <property name="user.home" value="C:\Users\n.ashimov"/>
    <property name="user.language" value="ru"/>
    <property name="java.specification.vendor" value="Oracle Corporation"/>
    <property name="java.version.date" value="2024-10-15"/>
    <property name="java.home" value="E:\jdk-17.0.13"/>
    <property name="file.separator" value="\"/>
    <property name="style.color" value="always"/>
    <property name="basedir" value="E:\workspace-spring-tools-for-eclipse-4.30.0.RELEASE\poconmaven"/>
    <property name="java.vm.compressedOopsMode" value="Zero based"/>
    <property name="line.separator" value="&#10;"/>
    <property name="java.vm.specification.vendor" value="Oracle Corporation"/>
    <property name="java.specification.name" value="Java Platform API Specification"/>
    <property name="surefire.real.class.path" value="C:\Users\n.ashimov\AppData\Local\Temp\surefire3208093736066355928\surefirebooter-20251028144222746_3.jar"/>
    <property name="user.script" value=""/>
    <property name="sun.management.compiler" value="HotSpot 64-Bit Tiered Compilers"/>
    <property name="java.runtime.version" value="17.0.13+10-LTS-268"/>
    <property name="user.name" value="n.ashimov"/>
    <property name="path.separator" value=";"/>
    <property name="os.version" value="10.0"/>
    <property name="java.runtime.name" value="Java(TM) SE Runtime Environment"/>
    <property name="file.encoding" value="Cp1251"/>
    <property name="java.vm.name" value="Java HotSpot(TM) 64-Bit Server VM"/>
    <property name="localRepository" value="E:\maven\repository"/>
    <property name="java.vendor.url.bug" value="https://bugreport.java.com/bugreport/"/>
    <property name="java.io.tmpdir" value="C:\Users\NE85D~1.ASH\AppData\Local\Temp\"/>
    <property name="java.version" value="17.0.13"/>
    <property name="user.dir" value="E:\workspace-spring-tools-for-eclipse-4.30.0.RELEASE\poconmaven"/>
    <property name="os.arch" value="amd64"/>
    <property name="java.vm.specification.name" value="Java Virtual Machine Specification"/>
    <property name="sun.os.patch.level" value=""/>
    <property name="native.encoding" value="Cp1251"/>
    <property name="java.library.path" value="E:\jdk-17.0.13\bin;C:\Windows\Sun\Java\bin;C:\Windows\system32;C:\Windows;E:/sts-4.30.0.RELEASE//plugins/org.eclipse.justj.openjdk.hotspot.jre.full.win32.x86_64_21.0.6.v20250130-0529/jre/bin/server;E:/sts-4.30.0.RELEASE//plugins/org.eclipse.justj.openjdk.hotspot.jre.full.win32.x86_64_21.0.6.v20250130-0529/jre/bin;D:\app\product\11.2.0\client_1\bin;C:\Windows\system32;C:\Windows;C:\Windows\System32\Wbem;C:\Windows\System32\WindowsPowerShell\v1.0\;C:\Windows\System32\OpenSSH\;C:\Program Files\Docker\Docker\resources\bin;C:\ProgramData\DockerDesktop\version-bin;E:\Users\n.ashimov\AppData\Local\anaconda3;E:\Users\n.ashimov\AppData\Local\anaconda3\Library\mingw-w64\bin;E:\Users\n.ashimov\AppData\Local\anaconda3\Library\usr\bin;E:\Users\n.ashimov\AppData\Local\anaconda3\Library\bin;E:\Users\n.ashimov\AppData\Local\anaconda3\Scripts;C:\Users\n.ashimov\AppData\Local\Microsoft\WindowsApps;E:\Users\n.ashimov\AppData\Local\JetBrains\DataGrip 2024.1.5\bin;;E:\Users\n.ashimov\AppData\Local\JetBrains\PyCharm 2024.1.7\bin;;E:\Users\n.ashimov\AppData\Local\JetBrains\IntelliJ IDEA 2024.1.7\bin;;E:\jdk-17.0.13\bin;E:\mingw64\bin;E:\Users\n.ashimov\AppData\Local\Programs\Microsoft VS Code\bin;E:\Users\n.ashimov\AppData\Local\Programs\Git\cmd;E:\maven\apache-maven-3.9.9\bin;;E:\sts-4.30.0.RELEASE;;."/>
    <property name="java.vm.info" value="mixed mode, sharing"/>
    <property name="java.vendor" value="Oracle Corporation"/>
    <property name="java.vm.version" value="17.0.13+10-LTS-268"/>
    <property name="java.specification.maintenance.version" value="1"/>
    <property name="sun.io.unicode.encoding" value="UnicodeLittle"/>
    <property name="java.class.version" value="61.0"/>
  </properties>
  <testcase name="testConcatenateValue" classname="com.testpocmaven.TestConcatenateValues" time="0.004">
    <system-out><![CDATA[manju kaushik
]]></system-out>
    <system-err><![CDATA[SLF4J: Failed to load class "org.slf4j.impl.StaticLoggerBinder".
SLF4J: Defaulting to no-operation (NOP) logger implementation
SLF4J: See http://www.slf4j.org/codes.html#StaticLoggerBinder for further details.
]]></system-err>
  </testcase>
  <testcase name="testFnameOnly" classname="com.testpocmaven.TestConcatenateValues" time="0.001">
    <system-out><![CDATA[Either first name OR last name are empty
]]></system-out>
  </testcase>
  <testcase name="testNovalues" classname="com.testpocmaven.TestConcatenateValues" time="0.001">
    <system-out><![CDATA[Both first name and last name are empty
]]></system-out>
  </testcase>
</testsuite>